<?xml version="1.0" encoding="UTF-8"?>
<!-- Generated by org.testng.reporters.JUnitReportReporter -->
<testsuite hostname="DESKTOP-OH8LRFM" failures="0" tests="1" name="loanapplications.PersonalLoanApplicationTests" time="0.006" errors="0" timestamp="2022-09-27T12:53:13 IST" skipped="0">
  <testcase classname="loanapplications.PersonalLoanApplicationTests" name="PersonalLoanLoginWeb" time="0.006"/>
  <system-out/>
</testsuite> <!-- loanapplications.PersonalLoanApplicationTests -->
